c:\users\v-xiafe\desktop\foxitsdk\foxitsdk\debug\pch.pch
c:\users\v-xiafe\desktop\foxitsdk\foxitsdk\debug\vc140.pdb
c:\users\v-xiafe\desktop\foxitsdk\foxitsdk\debug\vc140.idb
c:\users\v-xiafe\desktop\foxitsdk\foxitsdk\debug\pch.obj
c:\users\v-xiafe\desktop\foxitsdk\foxitsdk\debug\sdkdemocommon.obj
c:\users\v-xiafe\desktop\foxitsdk\debug\foxitsdk\foxitsdk.winmd
c:\users\v-xiafe\desktop\foxitsdk\debug\foxitsdk\foxitsdk.lib
c:\users\v-xiafe\desktop\foxitsdk\debug\foxitsdk\foxitsdk.exp
c:\users\v-xiafe\desktop\foxitsdk\foxitsdk\debug\priconfig.xml
c:\users\v-xiafe\desktop\foxitsdk\foxitsdk\debug\priconfig.xml.intermediate
c:\users\v-xiafe\desktop\foxitsdk\foxitsdk\debug\layout.resfiles
c:\users\v-xiafe\desktop\foxitsdk\foxitsdk\debug\layout.resfiles.intermediate
c:\users\v-xiafe\desktop\foxitsdk\foxitsdk\debug\resources.resfiles
c:\users\v-xiafe\desktop\foxitsdk\foxitsdk\debug\resources.resfiles.intermediate
c:\users\v-xiafe\desktop\foxitsdk\foxitsdk\debug\pri.resfiles
c:\users\v-xiafe\desktop\foxitsdk\foxitsdk\debug\pri.resfiles.intermediate
c:\users\v-xiafe\desktop\foxitsdk\debug\foxitsdk\foxitsdk.pri
c:\users\v-xiafe\desktop\foxitsdk\foxitsdk\debug\qualifiers.txt
c:\users\v-xiafe\desktop\foxitsdk\foxitsdk\debug\qualifiers.txt.intermediate
c:\users\v-xiafe\desktop\foxitsdk\foxitsdk\debug\multiplequalifiersperdimensionfound.txt
c:\users\v-xiafe\desktop\foxitsdk\debug\foxitsdk\foxitsdk.ilk
c:\users\v-xiafe\desktop\foxitsdk\debug\foxitsdk\foxitsdk.dll
c:\users\v-xiafe\desktop\foxitsdk\debug\foxitsdk\foxitsdk.pdb
c:\users\v-xiafe\desktop\foxitsdk\foxitsdk\debug\foxitsdk.vcxprojresolveassemblyreference.cache
c:\users\v-xiafe\desktop\foxitsdk\foxitsdk\debug\embed.resfiles
c:\users\v-xiafe\desktop\foxitsdk\foxitsdk\debug\foxitsdk.tlog\cl.command.1.tlog
c:\users\v-xiafe\desktop\foxitsdk\foxitsdk\debug\foxitsdk.tlog\cl.read.1.tlog
c:\users\v-xiafe\desktop\foxitsdk\foxitsdk\debug\foxitsdk.tlog\cl.write.1.tlog
c:\users\v-xiafe\desktop\foxitsdk\foxitsdk\debug\foxitsdk.tlog\foxitsdk.read.1u.tlog
c:\users\v-xiafe\desktop\foxitsdk\foxitsdk\debug\foxitsdk.tlog\foxitsdk.write.1u.tlog
c:\users\v-xiafe\desktop\foxitsdk\foxitsdk\debug\foxitsdk.tlog\link.command.1.tlog
c:\users\v-xiafe\desktop\foxitsdk\foxitsdk\debug\foxitsdk.tlog\link.read.1.tlog
c:\users\v-xiafe\desktop\foxitsdk\foxitsdk\debug\foxitsdk.tlog\link.write.1.tlog
